2022/08/31 11:12:26 [3674] building file list
2022/08/31 11:12:26 [3674] 124 files to consider
2022/08/31 11:12:26 [3674] .d..t.... ./
2022/08/31 11:12:26 [3674] <f+++++++ .DS_Store
2022/08/31 11:12:26 [3674] <f.st.... push.sh
2022/08/31 11:12:26 [3674] <f+++++++ rsync.log
2022/08/31 11:12:26 [3674] .d..t.... .git/
2022/08/31 11:12:26 [3674] <f+++++++ .git/.DS_Store
2022/08/31 11:12:26 [3674] .d..t.... .git/hooks/
2022/08/31 11:12:26 [3674] .d..t.... .git/info/
2022/08/31 11:12:26 [3674] .d..t.... .git/logs/
2022/08/31 11:12:26 [3674] .d..t.... .git/logs/refs/
2022/08/31 11:12:26 [3674] .d..t.... .git/logs/refs/heads/
2022/08/31 11:12:26 [3674] .d..t.... .git/logs/refs/remotes/
2022/08/31 11:12:26 [3674] .d..t.... .git/logs/refs/remotes/origin/
2022/08/31 11:12:26 [3674] .d..t.... .git/objects/
2022/08/31 11:12:26 [3674] .d..t.... .git/objects/0c/
2022/08/31 11:12:26 [3674] .d..t.... .git/objects/24/
2022/08/31 11:12:26 [3674] .d..t.... .git/objects/39/
2022/08/31 11:12:26 [3674] .d..t.... .git/objects/49/
2022/08/31 11:12:26 [3674] .d..t.... .git/objects/59/
2022/08/31 11:12:26 [3674] .d..t.... .git/objects/63/
2022/08/31 11:12:26 [3674] .d..t.... .git/objects/67/
2022/08/31 11:12:26 [3674] .d..t.... .git/objects/6b/
2022/08/31 11:12:26 [3674] .d..t.... .git/objects/7b/
2022/08/31 11:12:26 [3674] .d..t.... .git/objects/88/
2022/08/31 11:12:26 [3674] .d..t.... .git/objects/91/
2022/08/31 11:12:26 [3674] .d..t.... .git/objects/92/
2022/08/31 11:12:26 [3674] .d..t.... .git/objects/a2/
2022/08/31 11:12:26 [3674] .d..t.... .git/objects/b1/
2022/08/31 11:12:26 [3674] .d..t.... .git/objects/b2/
2022/08/31 11:12:26 [3674] .d..t.... .git/objects/bc/
2022/08/31 11:12:26 [3674] .d..t.... .git/objects/be/
2022/08/31 11:12:26 [3674] .d..t.... .git/objects/c4/
2022/08/31 11:12:26 [3674] .d..t.... .git/objects/ce/
2022/08/31 11:12:26 [3674] .d..t.... .git/objects/fa/
2022/08/31 11:12:26 [3674] .d..t.... .git/objects/info/
2022/08/31 11:12:26 [3674] .d..t.... .git/objects/pack/
2022/08/31 11:12:26 [3674] .d..t.... .git/refs/
2022/08/31 11:12:26 [3674] .d..t.... .git/refs/heads/
2022/08/31 11:12:26 [3674] .d..t.... .git/refs/remotes/
2022/08/31 11:12:26 [3674] .d..t.... .git/refs/remotes/origin/
2022/08/31 11:12:26 [3674] .d..t.... .git/refs/tags/
2022/08/31 11:12:26 [3674] .d..t.... .github/
2022/08/31 11:12:26 [3674] .d..t.... .github/workflows/
2022/08/31 11:12:26 [3674] .d..t.... .wordpress-org/
2022/08/31 11:12:26 [3674] .d..t.... css/
2022/08/31 11:12:26 [3674] .d..t.... js/
2022/08/31 11:12:26 [3674] .d..t.... languages/
2022/08/31 11:12:26 [3674] sent 4.95K bytes  received 372 bytes  3.54K bytes/sec
2022/08/31 11:12:26 [3674] total size is 1.32M  speedup is 247.74
